<?xml version='1.0'?>
<ns2:test-suite xmlns:ns2='urn:model.allure.qatools.yandex.ru' start='1638506493432' stop='1638506495019'>
    <name>Interacting with page elements</name>
    <title>Interacting with page elements</title>
    <test-cases>
        <test-case start='1638506493433' status='failed' stop='1638506495014'>
            <name>should be able to click on element</name>
            <title>should be able to click on element</title>
            <labels>
                <label name='language' value='javascript'/>
                <label name='framework' value='wdio'/>
                <label name='thread' value='0-0'/>
                <label name='story' value='Clicking a link to navigate to another page'/>
            </labels>
            <parameters>
                <parameter kind='argument' name='browser' value='chrome-96.0.4664.55'/>
                <parameter kind='argument' name='browserVersion' value='96.0.4664.55'/>
            </parameters>
            <steps/>
            <attachments>
                <attachment title='Execution video' source='5a92b4fe-dd2c-4851-86e3-083d869943e2-attachment.mp4' type='video/mp4' size='192'/>
            </attachments>
            <failure>
                <message>expected 'A/B Test Control' to equal 'A/B Test Variation 1'      
                      actual expected
                      
                      'A/B Test ControlVariation 1'
                      </message>
                <stack-trace>AssertionError: expected 'A/B Test Control' to equal 'A/B Test Variation 1'
                    at Context.&lt;anonymous> (/Users/ambreen.k/ambysan/learning-bee/mobile-automation/practising-wdio/test/specs/elements/element.e2e.js:23:28)
                    at processTicksAndRejections (internal/process/task_queues.js:95:5)</stack-trace>
            </failure>
        </test-case>
    </test-cases>
</ns2:test-suite>